<?xml version="1.0" encoding="UTF-8"?>
<!-- Generated by org.testng.reporters.JUnitXMLReporter -->
<testsuite ignored="0" hostname="ES-Waleedkhan" failures="0" tests="8" name="Default test" time="200.246" errors="0" timestamp="2021-11-02T15:12:41 PKT">
  <testcase classname="Tests.AppStart" name="SignIn" time="29.302"/>
  <testcase classname="Tests.AppStart" name="DashboardLand" time="9.214"/>
  <testcase classname="Tests.AppStart" name="Notification" time="14.397"/>
  <testcase classname="Tests.AppStart" name="Theme" time="16.416"/>
  <testcase classname="Tests.AppStart" name="ProfileEdit" time="28.239"/>
  <testcase classname="Tests.AppStart" name="Menu" time="45.983"/>
  <testcase classname="Tests.AppStart" name="Settings" time="30.835"/>
  <testcase classname="Tests.AppStart" name="LogOut" time="3.525"/>
</testsuite> <!-- Default test -->
