<?xml version="1.0" encoding="UTF-8"?>
<testng-results ignored="0" total="8" passed="8" failed="0" skipped="0">
  <reporter-output>
  </reporter-output>
  <suite started-at="2021-11-02T15:09:21 PKT" name="Default suite" finished-at="2021-11-02T15:12:41 PKT" duration-ms="200246">
    <groups>
    </groups>
    <test started-at="2021-11-02T15:09:21 PKT" name="Default test" finished-at="2021-11-02T15:12:41 PKT" duration-ms="200246">
      <class name="Tests.AppStart">
        <test-method is-config="true" signature="reportSetUp()[pri:0, instance:Tests.AppStart@54bff557]" started-at="2021-11-02T15:09:20 PKT" name="reportSetUp" finished-at="2021-11-02T15:09:21 PKT" duration-ms="605" status="PASS">
          <reporter-output>
          </reporter-output>
        </test-method> <!-- reportSetUp -->
        <test-method is-config="true" signature="SetUp()[pri:0, instance:Tests.AppStart@54bff557]" started-at="2021-11-02T15:09:21 PKT" name="SetUp" finished-at="2021-11-02T15:09:43 PKT" duration-ms="22227" status="PASS">
          <reporter-output>
          </reporter-output>
        </test-method> <!-- SetUp -->
        <test-method signature="SignIn()[pri:1, instance:Tests.AppStart@54bff557]" started-at="2021-11-02T15:09:43 PKT" name="SignIn" finished-at="2021-11-02T15:10:13 PKT" duration-ms="29302" status="PASS">
          <reporter-output>
          </reporter-output>
        </test-method> <!-- SignIn -->
        <test-method is-config="true" signature="getResult(org.testng.ITestResult)[pri:0, instance:Tests.AppStart@54bff557]" started-at="2021-11-02T15:10:13 PKT" name="getResult" finished-at="2021-11-02T15:10:13 PKT" duration-ms="10" status="PASS">
          <params>
            <param index="0">
              <value>
                <![CDATA[[TestResult name=SignIn status=SUCCESS method=AppStart.SignIn()[pri:1, instance:Tests.AppStart@54bff557] output={null}]]]>
              </value>
            </param>
          </params>
          <reporter-output>
          </reporter-output>
        </test-method> <!-- getResult -->
        <test-method signature="DashboardLand()[pri:2, instance:Tests.AppStart@54bff557]" started-at="2021-11-02T15:10:13 PKT" name="DashboardLand" finished-at="2021-11-02T15:10:22 PKT" duration-ms="9214" status="PASS">
          <reporter-output>
          </reporter-output>
        </test-method> <!-- DashboardLand -->
        <test-method is-config="true" signature="getResult(org.testng.ITestResult)[pri:0, instance:Tests.AppStart@54bff557]" started-at="2021-11-02T15:10:22 PKT" name="getResult" finished-at="2021-11-02T15:10:22 PKT" duration-ms="0" status="PASS">
          <params>
            <param index="0">
              <value>
                <![CDATA[[TestResult name=DashboardLand status=SUCCESS method=AppStart.DashboardLand()[pri:2, instance:Tests.AppStart@54bff557] output={null}]]]>
              </value>
            </param>
          </params>
          <reporter-output>
          </reporter-output>
        </test-method> <!-- getResult -->
        <test-method signature="Notification()[pri:3, instance:Tests.AppStart@54bff557]" started-at="2021-11-02T15:10:22 PKT" name="Notification" finished-at="2021-11-02T15:10:36 PKT" duration-ms="14397" status="PASS">
          <reporter-output>
          </reporter-output>
        </test-method> <!-- Notification -->
        <test-method is-config="true" signature="getResult(org.testng.ITestResult)[pri:0, instance:Tests.AppStart@54bff557]" started-at="2021-11-02T15:10:36 PKT" name="getResult" finished-at="2021-11-02T15:10:36 PKT" duration-ms="1" status="PASS">
          <params>
            <param index="0">
              <value>
                <![CDATA[[TestResult name=Notification status=SUCCESS method=AppStart.Notification()[pri:3, instance:Tests.AppStart@54bff557] output={null}]]]>
              </value>
            </param>
          </params>
          <reporter-output>
          </reporter-output>
        </test-method> <!-- getResult -->
        <test-method signature="Theme()[pri:4, instance:Tests.AppStart@54bff557]" started-at="2021-11-02T15:10:36 PKT" name="Theme" finished-at="2021-11-02T15:10:53 PKT" duration-ms="16416" status="PASS">
          <reporter-output>
          </reporter-output>
        </test-method> <!-- Theme -->
        <test-method is-config="true" signature="getResult(org.testng.ITestResult)[pri:0, instance:Tests.AppStart@54bff557]" started-at="2021-11-02T15:10:53 PKT" name="getResult" finished-at="2021-11-02T15:10:53 PKT" duration-ms="1" status="PASS">
          <params>
            <param index="0">
              <value>
                <![CDATA[[TestResult name=Theme status=SUCCESS method=AppStart.Theme()[pri:4, instance:Tests.AppStart@54bff557] output={null}]]]>
              </value>
            </param>
          </params>
          <reporter-output>
          </reporter-output>
        </test-method> <!-- getResult -->
        <test-method signature="ProfileEdit()[pri:5, instance:Tests.AppStart@54bff557]" started-at="2021-11-02T15:10:53 PKT" name="ProfileEdit" finished-at="2021-11-02T15:11:21 PKT" duration-ms="28239" status="PASS">
          <reporter-output>
          </reporter-output>
        </test-method> <!-- ProfileEdit -->
        <test-method is-config="true" signature="getResult(org.testng.ITestResult)[pri:0, instance:Tests.AppStart@54bff557]" started-at="2021-11-02T15:11:21 PKT" name="getResult" finished-at="2021-11-02T15:11:21 PKT" duration-ms="1" status="PASS">
          <params>
            <param index="0">
              <value>
                <![CDATA[[TestResult name=ProfileEdit status=SUCCESS method=AppStart.ProfileEdit()[pri:5, instance:Tests.AppStart@54bff557] output={null}]]]>
              </value>
            </param>
          </params>
          <reporter-output>
          </reporter-output>
        </test-method> <!-- getResult -->
        <test-method signature="Menu()[pri:6, instance:Tests.AppStart@54bff557]" started-at="2021-11-02T15:11:21 PKT" name="Menu" finished-at="2021-11-02T15:12:07 PKT" duration-ms="45983" status="PASS">
          <reporter-output>
          </reporter-output>
        </test-method> <!-- Menu -->
        <test-method is-config="true" signature="getResult(org.testng.ITestResult)[pri:0, instance:Tests.AppStart@54bff557]" started-at="2021-11-02T15:12:07 PKT" name="getResult" finished-at="2021-11-02T15:12:07 PKT" duration-ms="1" status="PASS">
          <params>
            <param index="0">
              <value>
                <![CDATA[[TestResult name=Menu status=SUCCESS method=AppStart.Menu()[pri:6, instance:Tests.AppStart@54bff557] output={null}]]]>
              </value>
            </param>
          </params>
          <reporter-output>
          </reporter-output>
        </test-method> <!-- getResult -->
        <test-method signature="Settings()[pri:7, instance:Tests.AppStart@54bff557]" started-at="2021-11-02T15:12:07 PKT" name="Settings" finished-at="2021-11-02T15:12:38 PKT" duration-ms="30835" status="PASS">
          <reporter-output>
          </reporter-output>
        </test-method> <!-- Settings -->
        <test-method is-config="true" signature="getResult(org.testng.ITestResult)[pri:0, instance:Tests.AppStart@54bff557]" started-at="2021-11-02T15:12:38 PKT" name="getResult" finished-at="2021-11-02T15:12:38 PKT" duration-ms="1" status="PASS">
          <params>
            <param index="0">
              <value>
                <![CDATA[[TestResult name=Settings status=SUCCESS method=AppStart.Settings()[pri:7, instance:Tests.AppStart@54bff557] output={null}]]]>
              </value>
            </param>
          </params>
          <reporter-output>
          </reporter-output>
        </test-method> <!-- getResult -->
        <test-method signature="LogOut()[pri:8, instance:Tests.AppStart@54bff557]" started-at="2021-11-02T15:12:38 PKT" name="LogOut" finished-at="2021-11-02T15:12:41 PKT" duration-ms="3525" status="PASS">
          <reporter-output>
          </reporter-output>
        </test-method> <!-- LogOut -->
        <test-method is-config="true" signature="getResult(org.testng.ITestResult)[pri:0, instance:Tests.AppStart@54bff557]" started-at="2021-11-02T15:12:41 PKT" name="getResult" finished-at="2021-11-02T15:12:41 PKT" duration-ms="0" status="PASS">
          <params>
            <param index="0">
              <value>
                <![CDATA[[TestResult name=LogOut status=SUCCESS method=AppStart.LogOut()[pri:8, instance:Tests.AppStart@54bff557] output={null}]]]>
              </value>
            </param>
          </params>
          <reporter-output>
          </reporter-output>
        </test-method> <!-- getResult -->
        <test-method is-config="true" signature="reportTearDown()[pri:0, instance:Tests.AppStart@54bff557]" started-at="2021-11-02T15:12:41 PKT" name="reportTearDown" finished-at="2021-11-02T15:12:42 PKT" duration-ms="291" status="PASS">
          <reporter-output>
          </reporter-output>
        </test-method> <!-- reportTearDown -->
      </class> <!-- Tests.AppStart -->
    </test> <!-- Default test -->
  </suite> <!-- Default suite -->
</testng-results>
